2026-01-26 11:45:43.411: [INFO] VisibilityChanged: 0
2026-01-26 11:45:45.974: [INFO] RecordSyncInitDuration has_sync_been_enabled: 0 state: 0
2026-01-26 11:45:45.975: [INFO] RecordSyncInitDuration has_sync_been_enabled: 0 state: 0
2026-01-26 11:45:45.976: [INFO] RecordSyncInitDuration has_sync_been_enabled: 0 state: 0
2026-01-26 11:45:45.977: [INFO] RecordSyncInitDuration has_sync_been_enabled: 0 state: 0
2026-01-26 11:45:45.978: [INFO] RecordSyncInitDuration has_sync_been_enabled: 0 state: 0
2026-01-26 11:45:45.978: [INFO] RecordSyncInitDuration has_sync_been_enabled: 0 state: 0
2026-01-26 11:45:45.979: [INFO] RecordSyncInitDuration has_sync_been_enabled: 0 state: 0
2026-01-26 11:45:45.980: [INFO] RecordSyncInitDuration has_sync_been_enabled: 0 state: 0
2026-01-26 11:45:45.981: [INFO] RecordSyncInitDuration has_sync_been_enabled: 0 state: 0
2026-01-26 11:45:45.981: [INFO] RecordSyncInitDuration has_sync_been_enabled: 0 state: 0
2026-01-26 11:45:45.982: [INFO] RecordSyncInitDuration has_sync_been_enabled: 0 state: 0
2026-01-26 11:45:46.556: [INFO] BookmarkModelLoaded, ids_reassigned: 0
2026-01-26 11:45:46.556: [INFO] OnDoneLoading sync enabled: 0
2026-01-26 11:45:50.522: [INFO] RecordSyncInitDuration has_sync_been_enabled: 0 state: 0
2026-01-26 11:46:37.698: [INFO] RecordSyncInitDuration has_sync_been_enabled: 0 state: 3
2026-01-26 11:46:37.860: [INFO] Primary account changed.
2026-01-26 11:46:37.860: [INFO] OnPrimaryAccountChanged PrimaryAccountChangeEvent::Type::kSet
2026-01-26 11:46:37.874: [INFO] RecordSyncInitDuration has_sync_been_enabled: 0 state: 3
2026-01-26 11:46:39.529: [INFO] RecordSyncInitDuration has_sync_been_enabled: 0 state: 3
2026-01-26 11:46:44.717: [INFO] VisibilityChanged: 1
2026-01-26 11:46:45.343: [INFO] BookmarkNodeAdded, ABU: 0
2026-01-26 11:46:45.349: [INFO] BookmarkNodeAdded, ABU: 0
2026-01-26 11:46:45.349: [INFO] BookmarkNodeAdded, ABU: 0
2026-01-26 11:46:45.350: [INFO] BookmarkNodeAdded, ABU: 0
2026-01-26 11:46:45.350: [INFO] BookmarkNodeAdded, ABU: 0
2026-01-26 11:46:45.350: [INFO] BookmarkNodeAdded, ABU: 0
2026-01-26 11:46:45.350: [INFO] BookmarkNodeAdded, ABU: 0
2026-01-26 11:46:45.350: [INFO] BookmarkNodeAdded, ABU: 0
2026-01-26 11:46:45.350: [INFO] BookmarkNodeAdded, ABU: 0
2026-01-26 11:46:45.350: [INFO] BookmarkNodeAdded, ABU: 0
2026-01-26 11:46:45.356: [INFO] BookmarkNodeAdded, ABU: 0
2026-01-26 11:46:45.356: [INFO] BookmarkNodeAdded, ABU: 0
2026-01-26 11:46:45.356: [INFO] BookmarkNodeAdded, ABU: 0
2026-01-26 11:46:45.356: [INFO] BookmarkNodeAdded, ABU: 0
2026-01-26 11:46:45.356: [INFO] BookmarkNodeAdded, ABU: 0
2026-01-26 11:46:45.356: [INFO] BookmarkNodeAdded, ABU: 0
2026-01-26 11:46:45.356: [INFO] BookmarkNodeAdded, ABU: 0
2026-01-26 11:46:48.276: [INFO] Sync initialization duration: 8222ms
