{"logTime": "0126/114643", "correlationVector":"2HKQhsZ1BeeQOgBaKzab6N.1","action":"SyncServerConnectionManagerRequest", "result":"SYNC_SERVER_OK", "context":{"environment":"Prod_germanywestcentral_prod-s01-011-eur-germanywestcentral", "migrationStage":"NotStarted", "server":"akswtt001000006"}}
{"logTime": "0126/114643", "correlationVector":"2HKQhsZ1BeeQOgBaKzab6N.2","action":"ProcessGetUpdates", "result":"Done", "context":{"dataType":"Encryption Keys", "deleted":"0", "process_failed_to_decrypt":"0", "process_pending_decryption":"0", "process_success":"1", "total":"1"}}
{"logTime": "0126/114644", "correlationVector":"pIEr+1k9GwnFnCTWawL3wn","action":"SyncServerConnectionManagerRequest", "result":"SYNC_SERVER_OK", "context":{"environment":"", "migrationStage":"", "server":""}}
{"logTime": "0126/114644", "correlationVector":"pIEr+1k9GwnFnCTWawL3wn.0","action":"EncryptionKeysFetcher.DownloadKeys:", "result":"Success", "context":Key count: 3, Last key timestamp: 2025-11-25T22:15:22Z}
{"logTime": "0126/114644", "correlationVector":"pIEr+1k9GwnFnCTWawL3wn.1","action":"EncryptionKeysManager::SetEncryptionKeys:", "result":"Success", "context":Key names[3]:[BAHv3OkokqRGyPBdTVw/s4ZqDcP4iNHjtkazuSR0ITql3E63gbvizsjrRqtgQ9OcpiEdHt+6F7cbh6arGQwY3A==][dUcGy8eKSgnPDc2dYEEj4AfOmhH0+PXitGX8nTNZ4/LT2bkSUEqHP2gXq/GXuvIuWfW7btZTUFaCGqMXPn8Xbw==][UtYHqdwHjd/kxu6aLDBf3jZa7Rf9UeJfZu0dlayr+r1/bnqU1/2mXGqohDcEJz0UKD/cYbWwGoFvsXSzWgIClg==]}
{"logTime": "0126/114644", "correlationVector":"pIEr+1k9GwnFnCTWawL3wn.2","action":"EncryptionKeysManager::SetEncryptionKeysWithTimestamps:", "result":"Success", "context":Key timestamps[3]:[2024-11-29T07:55:35Z][2025-05-29T14:57:09Z][2025-11-25T22:15:22Z]}
{"logTime": "0126/114644", "correlationVector":"2HKQhsZ1BeeQOgBaKzab6N","action":"Initial GetUpdates", "result":"", "context":Reason: NEW_CLIENT. cV=2HKQhsZ1BeeQOgBaKzab6N}
{"logTime": "0126/114644", "correlationVector":"2HKQhsZ1BeeQOgBaKzab6N.3","action":"GetUpdates Response", "result":"Success", "context":Received 1 update(s). cV=2HKQhsZ1BeeQOgBaKzab6N.0;server=akswtt001000006;cloudType=Consumer;environment=Prod_germanywestcentral_prod-s01-011-eur-germanywestcentral;migrationStage=NotStarted}
{"logTime": "0126/114644", "correlationVector":"ZTMWPmRtPZahOBabsbGpyE","action":"Initial GetUpdates", "result":"", "context":Reason: NEWLY_SUPPORTED_DATATYPE. cV=ZTMWPmRtPZahOBabsbGpyE}
{"logTime": "0126/114644", "correlationVector":"ZTMWPmRtPZahOBabsbGpyE.1","action":"SyncServerConnectionManagerRequest", "result":"SYNC_SERVER_OK", "context":{"environment":"Prod_germanywestcentral_prod-s01-011-eur-germanywestcentral", "migrationStage":"NotStarted", "server":"akswtt001000008"}}
{"logTime": "0126/114644", "correlationVector":"ZTMWPmRtPZahOBabsbGpyE.2","action":"ProcessGetUpdates", "result":"Done", "context":{"dataType":"Preferences", "deleted":"0", "process_failed_to_decrypt":"0", "process_pending_decryption":"0", "process_success":"67", "total":"67"}}
{"logTime": "0126/114644", "correlationVector":"ZTMWPmRtPZahOBabsbGpyE.3","action":"ProcessGetUpdates", "result":"Done", "context":{"dataType":"Passwords", "deleted":"1", "process_failed_to_decrypt":"0", "process_pending_decryption":"0", "process_success":"2", "total":"2"}}
{"logTime": "0126/114644", "correlationVector":"ZTMWPmRtPZahOBabsbGpyE.4","action":"GetUpdates Response", "result":"Success", "context":Received 69 update(s). cV=ZTMWPmRtPZahOBabsbGpyE.0;server=akswtt001000008;cloudType=Consumer;environment=Prod_germanywestcentral_prod-s01-011-eur-germanywestcentral;migrationStage=NotStarted}
{"logTime": "0126/114644", "correlationVector":"qwELTRpaShIh7Ak8Ie3jFL","action":"Initial GetUpdates", "result":"", "context":Reason: NEWLY_SUPPORTED_DATATYPE. cV=qwELTRpaShIh7Ak8Ie3jFL}
{"logTime": "0126/114645", "correlationVector":"qwELTRpaShIh7Ak8Ie3jFL.1","action":"SyncServerConnectionManagerRequest", "result":"SYNC_SERVER_OK", "context":{"environment":"Prod_germanywestcentral_prod-s01-011-eur-germanywestcentral", "migrationStage":"NotStarted", "server":"akswtt00100000k"}}
{"logTime": "0126/114645", "correlationVector":"qwELTRpaShIh7Ak8Ie3jFL.2","action":"ProcessGetUpdates", "result":"Done", "context":{"dataType":"Bookmarks", "deleted":"2", "process_failed_to_decrypt":"0", "process_pending_decryption":"0", "process_success":"25", "total":"25"}}
{"logTime": "0126/114645", "correlationVector":"qwELTRpaShIh7Ak8Ie3jFL.3","action":"GetUpdates Response", "result":"Success", "context":Received 25 update(s). cV=qwELTRpaShIh7Ak8Ie3jFL.0;server=akswtt00100000k;cloudType=Consumer;environment=Prod_germanywestcentral_prod-s01-011-eur-germanywestcentral;migrationStage=NotStarted}
{"logTime": "0126/114645", "correlationVector":"/zyZC8RSXHegs1mG6CLeAq","action":"Initial GetUpdates", "result":"", "context":Reason: NEWLY_SUPPORTED_DATATYPE. cV=/zyZC8RSXHegs1mG6CLeAq}
{"logTime": "0126/114646", "correlationVector":"/zyZC8RSXHegs1mG6CLeAq.1","action":"SyncServerConnectionManagerRequest", "result":"SYNC_SERVER_OK", "context":{"environment":"Prod_germanywestcentral_prod-s01-011-eur-germanywestcentral", "migrationStage":"NotStarted", "server":"akswtt00100000h"}}
{"logTime": "0126/114646", "correlationVector":"/zyZC8RSXHegs1mG6CLeAq.2","action":"ProcessGetUpdates", "result":"Done", "context":{"dataType":"Autofill Profiles", "deleted":"0", "process_failed_to_decrypt":"0", "process_pending_decryption":"0", "process_success":"5", "total":"5"}}
{"logTime": "0126/114646", "correlationVector":"/zyZC8RSXHegs1mG6CLeAq.3","action":"ProcessGetUpdates", "result":"Done", "context":{"dataType":"Autofill", "deleted":"0", "process_failed_to_decrypt":"0", "process_pending_decryption":"0", "process_success":"39", "total":"39"}}
{"logTime": "0126/114646", "correlationVector":"/zyZC8RSXHegs1mG6CLeAq.4","action":"ProcessGetUpdates", "result":"Done", "context":{"dataType":"Extensions", "deleted":"0", "process_failed_to_decrypt":"0", "process_pending_decryption":"0", "process_success":"1", "total":"1"}}
{"logTime": "0126/114646", "correlationVector":"/zyZC8RSXHegs1mG6CLeAq.5","action":"ProcessGetUpdates", "result":"Done", "context":{"dataType":"Sessions", "deleted":"201", "process_failed_to_decrypt":"0", "process_pending_decryption":"0", "process_success":"201", "total":"201"}}
{"logTime": "0126/114646", "correlationVector":"/zyZC8RSXHegs1mG6CLeAq.6","action":"ProcessGetUpdates", "result":"Done", "context":{"dataType":"Edge Hub App Usage", "deleted":"3", "process_failed_to_decrypt":"0", "process_pending_decryption":"0", "process_success":"4", "total":"4"}}
{"logTime": "0126/114646", "correlationVector":"/zyZC8RSXHegs1mG6CLeAq.7","action":"GetUpdates Response", "result":"Success", "context":Received 250 update(s). cV=/zyZC8RSXHegs1mG6CLeAq.0;server=akswtt00100000h;cloudType=Consumer;environment=Prod_germanywestcentral_prod-s01-011-eur-germanywestcentral;migrationStage=NotStarted Some updates remain.}
{"logTime": "0126/114646", "correlationVector":"oSP6TQWB0BWWUifNmYHNRT","action":"Initial GetUpdates", "result":"", "context":Reason: NEWLY_SUPPORTED_DATATYPE. cV=oSP6TQWB0BWWUifNmYHNRT}
{"logTime": "0126/114647", "correlationVector":"oSP6TQWB0BWWUifNmYHNRT.1","action":"SyncServerConnectionManagerRequest", "result":"SYNC_SERVER_OK", "context":{"environment":"Prod_germanywestcentral_prod-s01-011-eur-germanywestcentral", "migrationStage":"NotStarted", "server":"akswtt00100000e"}}
{"logTime": "0126/114648", "correlationVector":"oSP6TQWB0BWWUifNmYHNRT.2","action":"ProcessGetUpdates", "result":"Done", "context":{"dataType":"Autofill Profiles", "deleted":"1", "process_failed_to_decrypt":"0", "process_pending_decryption":"0", "process_success":"5", "total":"5"}}
{"logTime": "0126/114648", "correlationVector":"oSP6TQWB0BWWUifNmYHNRT.3","action":"ProcessGetUpdates", "result":"Done", "context":{"dataType":"Autofill", "deleted":"0", "process_failed_to_decrypt":"0", "process_pending_decryption":"0", "process_success":"14", "total":"14"}}
{"logTime": "0126/114648", "correlationVector":"oSP6TQWB0BWWUifNmYHNRT.4","action":"ProcessGetUpdates", "result":"Done", "context":{"dataType":"Extensions", "deleted":"0", "process_failed_to_decrypt":"0", "process_pending_decryption":"0", "process_success":"1", "total":"1"}}
{"logTime": "0126/114648", "correlationVector":"oSP6TQWB0BWWUifNmYHNRT.5","action":"ProcessGetUpdates", "result":"Done", "context":{"dataType":"Sessions", "deleted":"204", "process_failed_to_decrypt":"0", "process_pending_decryption":"0", "process_success":"213", "total":"213"}}
{"logTime": "0126/114648", "correlationVector":"oSP6TQWB0BWWUifNmYHNRT.6","action":"ProcessGetUpdates", "result":"Done", "context":{"dataType":"History Delete Directives", "deleted":"0", "process_failed_to_decrypt":"0", "process_pending_decryption":"0", "process_success":"3", "total":"3"}}
{"logTime": "0126/114648", "correlationVector":"oSP6TQWB0BWWUifNmYHNRT.7","action":"ProcessGetUpdates", "result":"Done", "context":{"dataType":"Edge Hub App Usage", "deleted":"5", "process_failed_to_decrypt":"0", "process_pending_decryption":"0", "process_success":"7", "total":"7"}}
{"logTime": "0126/114648", "correlationVector":"oSP6TQWB0BWWUifNmYHNRT.8","action":"GetUpdates Response", "result":"Success", "context":Received 243 update(s). cV=oSP6TQWB0BWWUifNmYHNRT.0;server=akswtt00100000e;cloudType=Consumer;environment=Prod_germanywestcentral_prod-s01-011-eur-germanywestcentral;migrationStage=NotStarted}
{"logTime": "0126/114648", "correlationVector":"ZLmbknNhXh7d1m8mSl3vya","action":"Initial GetUpdates", "result":"", "context":Reason: NEWLY_SUPPORTED_DATATYPE. cV=ZLmbknNhXh7d1m8mSl3vya}
{"logTime": "0126/114649", "correlationVector":"ZLmbknNhXh7d1m8mSl3vya.1","action":"SyncServerConnectionManagerRequest", "result":"SYNC_SERVER_OK", "context":{"environment":"Prod_germanywestcentral_prod-s01-011-eur-germanywestcentral", "migrationStage":"NotStarted", "server":"akswtt00100000b"}}
{"logTime": "0126/114649", "correlationVector":"ZLmbknNhXh7d1m8mSl3vya.2","action":"ProcessGetUpdates", "result":"Done", "context":{"dataType":"History", "deleted":"6", "process_failed_to_decrypt":"0", "process_pending_decryption":"0", "process_success":"250", "total":"250"}}
{"logTime": "0126/114649", "correlationVector":"ZLmbknNhXh7d1m8mSl3vya.3","action":"GetUpdates Response", "result":"Success", "context":Received 250 update(s). cV=ZLmbknNhXh7d1m8mSl3vya.0;server=akswtt00100000b;cloudType=Consumer;environment=Prod_germanywestcentral_prod-s01-011-eur-germanywestcentral;migrationStage=NotStarted Some updates remain.}
{"logTime": "0126/114649", "correlationVector":"JktTVTf08kkPqUCvy6aU5g","action":"Initial GetUpdates", "result":"", "context":Reason: NEWLY_SUPPORTED_DATATYPE. cV=JktTVTf08kkPqUCvy6aU5g}
{"logTime": "0126/114651", "correlationVector":"JktTVTf08kkPqUCvy6aU5g.1","action":"SyncServerConnectionManagerRequest", "result":"SYNC_SERVER_OK", "context":{"environment":"Prod_germanywestcentral_prod-s01-011-eur-germanywestcentral", "migrationStage":"NotStarted", "server":"akswtt001000005"}}
{"logTime": "0126/114651", "correlationVector":"JktTVTf08kkPqUCvy6aU5g.2","action":"ProcessGetUpdates", "result":"Done", "context":{"dataType":"History", "deleted":"0", "process_failed_to_decrypt":"0", "process_pending_decryption":"0", "process_success":"250", "total":"250"}}
{"logTime": "0126/114651", "correlationVector":"JktTVTf08kkPqUCvy6aU5g.3","action":"GetUpdates Response", "result":"Success", "context":Received 250 update(s). cV=JktTVTf08kkPqUCvy6aU5g.0;server=akswtt001000005;cloudType=Consumer;environment=Prod_germanywestcentral_prod-s01-011-eur-germanywestcentral;migrationStage=NotStarted Some updates remain.}
{"logTime": "0126/114651", "correlationVector":"bNVHyvZQNNz1GNU9ZQFG14","action":"Initial GetUpdates", "result":"", "context":Reason: NEWLY_SUPPORTED_DATATYPE. cV=bNVHyvZQNNz1GNU9ZQFG14}
{"logTime": "0126/114652", "correlationVector":"bNVHyvZQNNz1GNU9ZQFG14.1","action":"SyncServerConnectionManagerRequest", "result":"SYNC_SERVER_OK", "context":{"environment":"Prod_germanywestcentral_prod-s01-011-eur-germanywestcentral", "migrationStage":"NotStarted", "server":"akswtt00100000d"}}
{"logTime": "0126/114652", "correlationVector":"bNVHyvZQNNz1GNU9ZQFG14.2","action":"ProcessGetUpdates", "result":"Done", "context":{"dataType":"History", "deleted":"0", "process_failed_to_decrypt":"0", "process_pending_decryption":"0", "process_success":"250", "total":"250"}}
{"logTime": "0126/114652", "correlationVector":"bNVHyvZQNNz1GNU9ZQFG14.3","action":"GetUpdates Response", "result":"Success", "context":Received 250 update(s). cV=bNVHyvZQNNz1GNU9ZQFG14.0;server=akswtt00100000d;cloudType=Consumer;environment=Prod_germanywestcentral_prod-s01-011-eur-germanywestcentral;migrationStage=NotStarted Some updates remain.}
{"logTime": "0126/114652", "correlationVector":"ypP6yHNLZErHI79nspkd2n","action":"Initial GetUpdates", "result":"", "context":Reason: NEWLY_SUPPORTED_DATATYPE. cV=ypP6yHNLZErHI79nspkd2n}
{"logTime": "0126/114653", "correlationVector":"ypP6yHNLZErHI79nspkd2n.1","action":"SyncServerConnectionManagerRequest", "result":"SYNC_SERVER_OK", "context":{"environment":"Prod_germanywestcentral_prod-s01-011-eur-germanywestcentral", "migrationStage":"NotStarted", "server":"akswtt00100000h"}}
{"logTime": "0126/114654", "correlationVector":"ypP6yHNLZErHI79nspkd2n.2","action":"ProcessGetUpdates", "result":"Done", "context":{"dataType":"History", "deleted":"0", "process_failed_to_decrypt":"0", "process_pending_decryption":"0", "process_success":"179", "total":"179"}}
{"logTime": "0126/114654", "correlationVector":"ypP6yHNLZErHI79nspkd2n.3","action":"GetUpdates Response", "result":"Success", "context":Received 179 update(s). cV=ypP6yHNLZErHI79nspkd2n.0;server=akswtt00100000h;cloudType=Consumer;environment=Prod_germanywestcentral_prod-s01-011-eur-germanywestcentral;migrationStage=NotStarted}
{"logTime": "0126/114654", "correlationVector":"XDokLIcEk8dpaYpSftl0wB","action":"Normal GetUpdate request", "result":"", "context":cV=XDokLIcEk8dpaYpSftl0wB
Nudged types: Sessions, Device Info, User Consents
Refresh requested types: Bookmarks, Preferences, Passwords, Autofill Profiles, Autofill, Extensions, Sessions, Extension settings, History Delete Directives, Device Info, User Consents, Send Tab To Self, Web Apps, History, Saved Tab Group, WebAuthn Credentials, Collection, Edge E Drop, Edge Hub App Usage, Edge Wallet, Encryption Keys}
{"logTime": "0126/114654", "correlationVector":"XDokLIcEk8dpaYpSftl0wB.1","action":"SyncServerConnectionManagerRequest", "result":"SYNC_SERVER_OK", "context":{"environment":"Prod_germanywestcentral_prod-s01-011-eur-germanywestcentral", "migrationStage":"NotStarted", "server":"akswtt00100000e"}}
{"logTime": "0126/114654", "correlationVector":"XDokLIcEk8dpaYpSftl0wB.2","action":"GetUpdates Response", "result":"Success", "context":Received 0 update(s). cV=XDokLIcEk8dpaYpSftl0wB.0;server=akswtt00100000e;cloudType=Consumer;environment=Prod_germanywestcentral_prod-s01-011-eur-germanywestcentral;migrationStage=NotStarted}
{"logTime": "0126/114654", "correlationVector":"Gt7aNYo3vG2NQvD/2XAydG","action":"DoCompareDataConsistency requsted types: ", "result":"Bookmarks, Preferences, Passwords, Extensions, Extension settings, History Delete Directives, Send Tab To Self, Web Apps, History, Saved Tab Group, WebAuthn Credentials, Collection, Edge E Drop, Edge Wallet, Encryption Keys"}
{"logTime": "0126/114654", "correlationVector":"Gt7aNYo3vG2NQvD/2XAydG.0","action":"CompareDataConsistency result: ", "result":"Compare result: Encryption Keys is consistent. local entities count is: 1 local entities hash is: 0ZmQDDipdbJtNUSFI7fkQfTtRrE="}
{"logTime": "0126/114654", "correlationVector":"Gt7aNYo3vG2NQvD/2XAydG.1","action":"CompareDataConsistency result: ", "result":"Compare result: Bookmarks is consistent. local entities count is: 17 local entities hash is: jmFOaGlrS6FPDb9y9dArB79A0zQ="}
{"logTime": "0126/114654", "correlationVector":"Gt7aNYo3vG2NQvD/2XAydG.2","action":"CompareDataConsistency result: ", "result":"Compare result: Preferences is consistent. local entities count is: 67 local entities hash is: qokUiAheI7tAarN48BhpuebR1oU="}
{"logTime": "0126/114654", "correlationVector":"Gt7aNYo3vG2NQvD/2XAydG.3","action":"CompareDataConsistency result: ", "result":"Compare result: Extensions is consistent. local entities count is: 2 local entities hash is: myaVgFP9SXyYthLlPd7c1McGU7A="}
{"logTime": "0126/114654", "correlationVector":"Gt7aNYo3vG2NQvD/2XAydG.4","action":"CompareDataConsistency result: ", "result":"Compare result: Extension settings is consistent. local entities count is: 0 local entities hash is: "}
{"logTime": "0126/114654", "correlationVector":"Gt7aNYo3vG2NQvD/2XAydG.5","action":"CompareDataConsistency result: ", "result":"Compare result: History Delete Directives is inconsistent. server entities count is: 3 server entities hash is: bWoAR2lixc56wNG0pYuXgKeVDy8= local entities count is: 0 local entities hash is: "}
{"logTime": "0126/114654", "correlationVector":"Gt7aNYo3vG2NQvD/2XAydG.6","action":"CompareDataConsistency result: ", "result":"Server did not send this Send Tab To Self local entities count is: 0 local entities hash is: "}
{"logTime": "0126/114654", "correlationVector":"Gt7aNYo3vG2NQvD/2XAydG.7","action":"CompareDataConsistency result: ", "result":"Compare result: Web Apps is consistent. local entities count is: 0 local entities hash is: "}
{"logTime": "0126/114654", "correlationVector":"Gt7aNYo3vG2NQvD/2XAydG.8","action":"CompareDataConsistency result: ", "result":"Server did not send this History local entities count is: 0 local entities hash is: "}
{"logTime": "0126/114654", "correlationVector":"Gt7aNYo3vG2NQvD/2XAydG.9","action":"CompareDataConsistency result: ", "result":"Compare result: Saved Tab Group is consistent. local entities count is: 0 local entities hash is: "}
{"logTime": "0126/114654", "correlationVector":"Gt7aNYo3vG2NQvD/2XAydG.10","action":"CompareDataConsistency result: ", "result":"Server did not send this WebAuthn Credentials local entities count is: 0 local entities hash is: "}
{"logTime": "0126/114654", "correlationVector":"Gt7aNYo3vG2NQvD/2XAydG.11","action":"CompareDataConsistency result: ", "result":"Compare result: Collection is consistent. local entities count is: 0 local entities hash is: "}
{"logTime": "0126/114654", "correlationVector":"Gt7aNYo3vG2NQvD/2XAydG.12","action":"CompareDataConsistency result: ", "result":"Compare result: Edge E Drop is consistent. local entities count is: 0 local entities hash is: "}
{"logTime": "0126/114654", "correlationVector":"Gt7aNYo3vG2NQvD/2XAydG.13","action":"CompareDataConsistency result: ", "result":"Compare result: Edge Wallet is consistent. local entities count is: 0 local entities hash is: "}
{"logTime": "0126/114654", "correlationVector":"Gt7aNYo3vG2NQvD/2XAydG.14","action":"CompareDataConsistency result: ", "result":"Compare result: Passwords is consistent. local entities count is: 1 local entities hash is: V6Hdv8L/1TRBar7lX9kfJhX1pWA="}
{"logTime": "0126/114654", "correlationVector":"3D0uvvx/2UIz4ekJO0R1Qk","action":"Commit Request", "result":"", "context":Item count: 4
Contributing types: Sessions, Device Info, User Consents}
{"logTime": "0126/114656", "correlationVector":"3D0uvvx/2UIz4ekJO0R1Qk.1","action":"SyncServerConnectionManagerRequest", "result":"SYNC_SERVER_OK", "context":{"environment":"Prod_germanywestcentral_prod-s01-011-eur-germanywestcentral", "migrationStage":"NotStarted", "server":"akswtt001000003"}}
{"logTime": "0126/114656", "correlationVector":"3D0uvvx/2UIz4ekJO0R1Qk.2","action":"Commit Response", "result":"Success", "context":Result: Success. cV=3D0uvvx/2UIz4ekJO0R1Qk.0;server=akswtt001000003;cloudType=Consumer;environment=Prod_germanywestcentral_prod-s01-011-eur-germanywestcentral;migrationStage=NotStarted}
{"logTime": "0126/114656", "correlationVector":"","action":"DIAGNOSTIC_REQUEST|v1/diagnosticData/Diagnostic.SendCheckResult()|SUCCESS", "result":""}
{"logTime": "0126/114708", "correlationVector":"V/V3SlGPktKfgsZcxo1AYd","action":"Commit Request", "result":"", "context":Item count: 1
Contributing types: Edge Hub App Usage}
{"logTime": "0126/114709", "correlationVector":"V/V3SlGPktKfgsZcxo1AYd.1","action":"SyncServerConnectionManagerRequest", "result":"SYNC_SERVER_OK", "context":{"environment":"Prod_germanywestcentral_prod-s01-010-eur-germanywestcentral", "migrationStage":"NotStarted", "server":"akswtt109000014"}}
{"logTime": "0126/114709", "correlationVector":"V/V3SlGPktKfgsZcxo1AYd.2","action":"Commit Response", "result":"Success", "context":Result: Success. cV=V/V3SlGPktKfgsZcxo1AYd.0;server=akswtt109000014;cloudType=Consumer;environment=Prod_germanywestcentral_prod-s01-010-eur-germanywestcentral;migrationStage=NotStarted}
{"logTime": "0126/114715", "correlationVector":"n0qrPArdPOYuOLFosl9ysI","action":"Commit Request", "result":"", "context":Item count: 1
Contributing types: Edge Hub App Usage}
{"logTime": "0126/114716", "correlationVector":"n0qrPArdPOYuOLFosl9ysI.1","action":"SyncServerConnectionManagerRequest", "result":"SYNC_SERVER_OK", "context":{"environment":"Prod_germanywestcentral_prod-s01-010-eur-germanywestcentral", "migrationStage":"NotStarted", "server":"akswtt10900001b"}}
{"logTime": "0126/114716", "correlationVector":"n0qrPArdPOYuOLFosl9ysI.2","action":"Commit Response", "result":"Success", "context":Result: Success. cV=n0qrPArdPOYuOLFosl9ysI.0;server=akswtt10900001b;cloudType=Consumer;environment=Prod_germanywestcentral_prod-s01-010-eur-germanywestcentral;migrationStage=NotStarted}
